2025-03-27T01:10:27.174+0300	INFO	logging/zap.go:80	Zap логгер инициализирован
2025-03-27T01:10:27.245+0300	INFO	app/main.go:63	Запуск сервера на порту 80
2025-03-27T01:10:44.373+0300	ERROR	handler/utils.go:18	song not found
2025-03-27T01:10:45.474+0300	ERROR	handler/utils.go:18	song not found
2025-03-27T01:11:04.939+0300	ERROR	handler/utils.go:18	ошибка при выполнении запроса к внешнему API
2025-03-27T01:11:05.628+0300	ERROR	handler/utils.go:18	ошибка при выполнении запроса к внешнему API
2025-03-27T01:13:43.240+0300	INFO	app/main.go:74	Выключение сервера...
2025-03-27T01:13:43.241+0300	INFO	app/main.go:84	Сервер успешно остановлен
2025-03-27T01:21:31.048+0300	INFO	logging/zap.go:80	Zap логгер инициализирован
2025-03-27T01:21:31.120+0300	INFO	app/main.go:64	Запуск сервера на порту 80
2025-03-27T01:21:44.831+0300	ERROR	handler/utils.go:18	ошибка при выполнении запроса к внешнему API
2025-03-27T01:21:46.091+0300	ERROR	handler/utils.go:18	ошибка при выполнении запроса к внешнему API
2025-03-27T01:21:56.274+0300	INFO	app/main.go:75	Выключение сервера...
2025-03-27T01:21:56.274+0300	INFO	app/main.go:85	Сервер успешно остановлен
2025-03-27T20:14:42.723+0300	INFO	logging/zap.go:80	Zap логгер инициализирован
2025-03-27T20:14:43.012+0300	INFO	app/app.go:56	Сервер запущен на порту 80
2025-03-27T20:15:01.134+0300	ERROR	handler/utils.go:18	ошибка при выполнении запроса к внешнему API
2025-03-27T20:15:03.679+0300	ERROR	handler/utils.go:18	ошибка при выполнении запроса к внешнему API
2025-03-27T20:15:20.049+0300	ERROR	handler/utils.go:18	Key: 'UpdateSongRequest.Id' Error:Field validation for 'Id' failed on the 'required' tag
2025-03-27T20:16:29.249+0300	ERROR	handler/utils.go:18	ошибка при выполнении запроса к внешнему API
2025-03-27T20:43:20.684+0300	ERROR	handler/utils.go:18	song not found
2025-03-27T20:43:33.653+0300	INFO	handler/song.handler.go:84	Fetching songs with filters: {1      0  0 0}
2025-03-27T20:43:33.668+0300	ERROR	postgres/songs.go:100	Ошибка при получении песен: missing destination name releasedate in *[]model.Song
2025-03-27T20:43:33.668+0300	ERROR	handler/utils.go:18	missing destination name releasedate in *[]model.Song
2025-03-27T20:44:44.969+0300	INFO	handler/song.handler.go:84	Fetching songs with filters: {1   d   0  0 0}
2025-03-27T20:44:44.970+0300	ERROR	postgres/songs.go:100	Ошибка при получении песен: missing destination name releasedate in *[]model.Song
2025-03-27T20:44:44.970+0300	ERROR	handler/utils.go:18	missing destination name releasedate in *[]model.Song
2025-03-27T20:47:31.660+0300	INFO	logging/zap.go:80	Zap логгер инициализирован
2025-03-27T20:47:31.755+0300	INFO	app/app.go:56	Сервер запущен на порту 80
2025-03-27T20:51:41.691+0300	INFO	logging/zap.go:80	Zap логгер инициализирован
2025-03-27T20:51:41.759+0300	INFO	app/app.go:56	Сервер запущен на порту 80
2025-03-27T20:52:21.361+0300	INFO	logging/zap.go:80	Zap логгер инициализирован
2025-03-27T20:52:21.426+0300	INFO	app/app.go:56	Сервер запущен на порту 80
2025-03-27T20:52:31.644+0300	ERROR	postgres/songs.go:316	Ошибка при поиске песен: missing destination name releasedate in *[]model.Song
2025-03-27T20:52:31.645+0300	ERROR	handler/utils.go:18	missing destination name releasedate in *[]model.Song
2025-03-27T20:53:54.442+0300	INFO	logging/zap.go:80	Zap логгер инициализирован
2025-03-27T20:53:54.510+0300	INFO	app/app.go:56	Сервер запущен на порту 80
2025-03-27T20:55:29.853+0300	INFO	logging/zap.go:80	Zap логгер инициализирован
2025-03-27T20:55:29.921+0300	INFO	app/app.go:56	Сервер запущен на порту 80
2025-03-27T20:55:33.024+0300	ERROR	postgres/songs.go:289	Ошибка при получении песни по ID 2: missing destination name releasedate in *model.Song
2025-03-27T20:55:33.024+0300	ERROR	handler/utils.go:18	missing destination name releasedate in *model.Song
2025-03-27T20:55:43.120+0300	ERROR	handler/utils.go:18	Key: 'UpdateSongRequest.Id' Error:Field validation for 'Id' failed on the 'required' tag
2025-03-27T20:55:44.033+0300	ERROR	handler/utils.go:18	Key: 'UpdateSongRequest.Id' Error:Field validation for 'Id' failed on the 'required' tag
2025-03-27T21:00:17.513+0300	INFO	logging/zap.go:80	Zap логгер инициализирован
2025-03-27T21:00:17.579+0300	INFO	app/app.go:56	Сервер запущен на порту 80
2025-03-27T21:00:25.871+0300	ERROR	handler/utils.go:18	песня с id 123 не найдена
2025-03-27T21:01:11.965+0300	ERROR	postgres/songs.go:303	Ошибка при получении песни по ID 2: missing destination name releasedate in *model.Song
2025-03-27T21:01:11.965+0300	ERROR	handler/utils.go:18	missing destination name releasedate in *model.Song
2025-03-27T21:15:04.466+0300	INFO	logging/zap.go:80	Zap логгер инициализирован
2025-03-27T21:15:04.530+0300	INFO	app/app.go:56	Сервер запущен на порту 80
2025-03-27T21:15:09.058+0300	ERROR	postgres/songs.go:303	Ошибка при получении песни по ID 2: missing destination name releasedate in *model.Song
2025-03-27T21:15:09.058+0300	ERROR	handler/utils.go:11	missing destination name releasedate in *model.Song
2025-03-27T21:50:43.953+0300	INFO	logging/zap.go:80	Zap логгер инициализирован
2025-03-27T21:50:46.676+0300	FATAL	app/app.go:39	ошибка подключения к базе данных: dial tcp: lookup postgres: no such host
2025-03-27T21:51:07.923+0300	INFO	logging/zap.go:80	Zap логгер инициализирован
2025-03-27T21:51:09.961+0300	FATAL	app/app.go:39	ошибка подключения к базе данных: read tcp 127.0.0.1:61692->127.0.0.1:5432: wsarecv: An existing connection was forcibly closed by the remote host.
2025-03-27T21:51:24.004+0300	INFO	logging/zap.go:80	Zap логгер инициализирован
2025-03-27T21:51:24.076+0300	INFO	app/app.go:56	Сервер запущен на порту 8080
2025-03-27T22:03:11.905+0300	INFO	logging/zap.go:80	Zap логгер инициализирован
2025-03-27T22:03:11.983+0300	INFO	migrator/main.go:129	Применение всех миграций...
2025-03-27T22:03:11.983+0300	INFO	migrator/main.go:151	Миграции не требуют применения: изменений нет
2025-03-27T22:03:55.584+0300	INFO	logging/zap.go:80	Zap логгер инициализирован
2025-03-27T22:03:55.660+0300	INFO	app/app.go:56	Сервер запущен на порту 8080
